<?xml version="1.0" encoding="UTF-8"?>
<testng-results ignored="0" total="1" passed="1" failed="0" skipped="0">
  <reporter-output>
  </reporter-output>
  <suite started-at="2020-04-12T17:15:51 MSK" name="AlertTest" finished-at="2020-04-12T17:15:57 MSK" duration-ms="5850">
    <groups>
    </groups>
    <test started-at="2020-04-12T17:15:51 MSK" name="Command line test" finished-at="2020-04-12T17:15:57 MSK" duration-ms="5850">
      <class name="AlertTest">
        <test-method is-config="true" signature="setUP()[pri:0, instance:AlertTest@75881071]" started-at="2020-04-12T17:15:51 MSK" name="setUP" finished-at="2020-04-12T17:15:54 MSK" duration-ms="3587" status="PASS">
          <reporter-output>
          </reporter-output>
        </test-method> <!-- setUP -->
        <test-method signature="alertTest()[pri:0, instance:AlertTest@75881071]" started-at="2020-04-12T17:15:54 MSK" name="alertTest" finished-at="2020-04-12T17:15:56 MSK" duration-ms="1640" status="PASS">
          <reporter-output>
          </reporter-output>
        </test-method> <!-- alertTest -->
        <test-method is-config="true" signature="quitBrowser()[pri:0, instance:AlertTest@75881071]" started-at="2020-04-12T17:15:56 MSK" name="quitBrowser" finished-at="2020-04-12T17:15:57 MSK" duration-ms="599" status="PASS">
          <reporter-output>
          </reporter-output>
        </test-method> <!-- quitBrowser -->
      </class> <!-- AlertTest -->
    </test> <!-- Command line test -->
  </suite> <!-- AlertTest -->
</testng-results>
